Unity Player [version: Unity 5.5.0f3_38b4efef76f0]

dgc2.0.exe caused an Access Violation (0xc0000005)
  in module dgc2.0.exe at 0023:011e6af7.

Error occurred at 2016-12-01_124248.
C:\Users\Richard\Documents\Git\dontgetcrushed\Don't Get Crushed\dgc2.0.exe, run by Richard.
47% memory in use.
0 MB physical memory [0 MB free].
0 MB paging file [0 MB free].
0 MB user address space [3581 MB free].
Read from location b11a1a22 caused an access violation.

Context:
EDI:    0x041b2ef0  ESI: 0x00f55f68  EAX:   0x00000000
EBX:    0xb11a19b1  ECX: 0x0432323c  EDX:   0x00000000
EIP:    0x011e6af7  EBP: 0x00f55f58  SegCs: 0x00000023
EFlags: 0x00210246  ESP: 0x00f55ea0  SegSs: 0x0000002b

Bytes at CS:EIP:
80 7b 71 00 74 e3 8b 45 fc 3b 47 04 74 1e 83 c0 

Stack:
0x00f55ea0: 156799c4 04906be0 1680a3f0 010cd474 ..g..k......t...
0x00f55eb0: 1680a3f0 15675ec0 00000000 00000008 .....^g.........
0x00f55ec0: 169c1820 00000001 00f55f80 010cd557  ........_..W...
0x00f55ed0: 1680a3f0 15675598 fffff51a 1680a3f0 .....Ug.........
0x00f55ee0: 1680a3f4 00f55ef8 15675ec0 00f55fb8 .....^...^g.._..
0x00f55ef0: 15675588 1680a3f0 3e2be9a7 bc87eb9c .Ug.......+>....
0x00f55f00: bc3a7240 3bd7478c 3ba35aae bc0d7a0c @r:..G.;.Z.;.z..
0x00f55f10: 3c1f7ef7 bc28c48e 3cbf2b51 3e57cb20 .~.<..(.Q+.< .W>
0x00f55f20: 3cdd5142 bc9ab6b0 3c32a463 3c09e6eb BQ.<....c.2<...<
0x00f55f30: bc6edc98 3c680d86 bc80cdea 3d0943e7 ..n...h<.....C.=
0x00f55f40: 3e947313 3de135b6 bd0e9480 3ca49bc7 .s.>.5.=.......<
0x00f55f50: 3c85911e 04323210 00f55f88 015f6361 ...<.22.._..ac_.
0x00f55f60: 00f55f68 15675ec0 03000000 03000c00 h_...^g.........
0x00f55f70: 00000000 02001800 02001800 00000000 ................
0x00f55f80: 00000000 00000000 00f55f9c 015e86cb ........._....^.
0x00f55f90: 1680a3f0 15675588 15675570 00f55fd0 .....Ug.pUg.._..
0x00f55fa0: 01110d7a 156653e8 00000002 15675570 z....Sf.....pUg.
0x00f55fb0: 00000001 156755b0 1680a3f0 00000000 .....Ug.........
0x00f55fc0: 00000002 15675598 01216e06 00000009 .....Ug..n!.....
0x00f55fd0: 00f56030 011114e5 00000002 00000000 0`..............
0x00f55fe0: 15675570 15888e00 01110c70 011e2b40 pUg.....p...@+..
0x00f55ff0: 01110c70 011eba40 01110c70 01110c70 p...@...p...p...
0x00f56000: 01110c70 01110c70 01110c70 01110c70 p...p...p...p...
0x00f56010: 01110c70 01110c70 01110c70 01110c70 p...p...p...p...
0x00f56020: 01110c70 01110c70 00000029 00000001 p...p...).......
0x00f56030: 00f56048 011116a0 15675570 00000000 H`......pUg.....
0x00f56040: 15888e00 00f5e210 00f56068 0111172a ........h`..*...
0x00f56050: 15675570 156653e8 00f5e650 00f5e220 pUg..Sf.P... ...
0x00f56060: 15662a80 00000003 00f5e1e4 010ddc9e .*f.............
0x00f56070: 00f5e210 00000003 156653e8 00000005 .........Sf.....
0x00f56080: 010d7821 15888e00 047ddb90 00f5e888 !x........}.....
0x00f56090: 00000000 00000001 00000000 00000000 ................
0x00f560a0: 00000001 01eddac0 00000000 155ff890 .............._.
0x00f560b0: 00000003 00f5616c 00f5616c 155ff890 ....la..la...._.
0x00f560c0: 041adc78 00000003 00000003 00000000 x...............
0x00f560d0: 00f5611c 011e60b2 041f7850 041f7880 .a...`..Px...x..
0x00f560e0: 00f56108 00000000 00000000 0461d810 .a............a.
0x00f560f0: 00f56108 012f0afc 00000025 012b457d .a..../.%...}E+.
0x00f56100: 00f561b0 00f561b0 04f529b0 00000001 .a...a...)......
0x00f56110: 00f56128 012f0afc 00000025 012b457d (a..../.%...}E+.
0x00f56120: 00f56138 012f0afc 00000025 012b457d 8a..../.%...}E+.
0x00f56130: 00f56148 012f0afc 00000025 012b457d Ha..../.%...}E+.
0x00f56140: 00f561f0 00f561f0 04f529b0 00000001 .a...a...)......
0x00f56150: 00f56184 049cfeac 00f56198 012f4696 .a.......a...F/.
0x00f56160: 00f56170 00f56260 00000000 00000000 pa..`b..........
0x00f56170: 00f56188 012f0afc 00000025 012b457d .a..../.%...}E+.
0x00f56180: 00f56198 012f0afc 00000025 012b457d .a..../.%...}E+.
0x00f56190: 00f56240 00f56240 04f529b0 00000001 @b..@b...)......
0x00f561a0: 00f561d4 049cfeac 00f561e8 012f4696 .a.......a...F/.
0x00f561b0: 00f561c0 00f562b0 00000000 00000000 .a...b..........
0x00f561c0: 00000003 80000003 00000078 00000000 ........x.......
0x00f561d0: 00000001 04f51aa8 04860001 00f562b0 .............b..
0x00f561e0: 0000003c 00000000 0000003c 00f56218 <.......<....b..
0x00f561f0: 012f4a0c 00f562b0 00000040 0486bd00 .J/..b..@.......
0x00f56200: 0486bd00 00000000 04f51aa8 00010001 ................
0x00f56210: 00000014 0486bd40 00000000 012f5492 ....@........T/.
0x00f56220: 00000000 00f56254 012f557c 0486bd40 ....Tb..|U/.@...
0x00f56230: 00f56240 0000000c 05099e88 04f529ac @b...........)..
0x00f56240: 00000002 fffffff0 00f5625c 017a67f1 ........\b...gz.
0x00f56250: 047ddabc 047dd9a4 047dd9b8 00f56278 ..}...}...}.xb..
0x00f56260: 017a6cce 047c3030 00000000 020d4ac0 .lz.00|......J..
0x00f56270: 000000fc 00000100 00f562c4 010a1782 .........b......
0x00f56280: 00f562c4 010a1989 047dd9c0 020d4ac0 .b........}..J..
0x00f56290: 020d4b80 000000fc 020d4b80 00000014 .K.......K......
0x00f562a0: 020d4a50 00f562bc 010a0ce5 04293970 PJ...b......p9).
0x00f562b0: 00000010 00000010 020d38b0 0182722c .........8..,r..
0x00f562c0: 15645c70 873a0000 3fa8237a 000000ff p\d...:.z#.?....
0x00f562d0: 00000010 000000fc 00000010 020d38b0 .............8..
0x00f562e0: 00f56318 010a32b3 000000fc 00000010 .c...2..........
0x00f562f0: 000000fc 00000001 00000000 00000014 ................
0x00f56300: 041adc78 00000003 00000003 00000000 x...............
0x00f56310: 041adc78 00000003 00000003 00000000 x...............
0x00f56320: 00f5636c 011e60b2 041f7850 041f7880 lc...`..Px...x..
0x00f56330: 00f56358 00000000 00000000 1564fc10 Xc............d.
0x00f56340: 00000003 00f563fc 00f563fc 1564fc10 .....c...c....d.
0x00f56350: 00f56388 041adc64 00000003 00000000 .c..d...........
0x00f56360: 00f56398 041adc64 041adc3c 00f56398 .c..d...<....c..
0x00f56370: 011e3876 00000000 06b51cc0 0948974c v8..........L.H.
0x00f56380: 04f51300 00f563cc 01793606 00f563a4 .....c...6y..c..
0x00f56390: 012f0afc 00000025 012b443d 00f5644c ../.%...=D+.Ld..
0x00f563a0: 00f5644c 04f529b0 048faee0 04315b00 Ld...).......[1.
0x00f563b0: 00f5644c 00f563f8 012f46e3 04cf00cc Ld...c...F/.....
0x00f563c0: 156596b0 000000da 00000002 00f563f0 ..e..........c..
0x00f563d0: 00000030 00f564bc 048faee0 00000194 0....d..........
0x00f563e0: 047ddb90 00000200 00000002 00030001 ..}.............
0x00f563f0: 00000000 00f564bc 00f56430 012f4b8d .....d..0d...K/.
0x00f56400: 00000003 00000001 00f56414 048faec0 .........d......
0x00f56410: 00000060 00000003 00000001 00000060 `...........`...
0x00f56420: 048faf00 00000060 00000040 00000004 ....`...@.......
0x00f56430: 00f56460 012f557c 048faf00 00f5644c `d..|U/.....Ld..
0x00f56440: 000000e0 05099efc 04f529ac 00000002 .........)......
0x00f56450: fffffff0 00f56468 017a67f1 049a398c ....hd...gz..9..
0x00f56460: 049a3724 049a3738 00f56484 017a6cce $7..87...d...lz.
0x00f56470: 047c3030 00000000 020d4ac0 00000244 00|......J..D...
0x00f56480: 00000250 00f564d0 010a1782 00f564d0 P....d.......d..
0x00f56490: 010a1989 049a3740 020d4ac0 020d4b80 ....@7...J...K..
0x00f564a0: 00000244 020d4b80 00000028 020d4a50 D....K..(...PJ..
0x00f564b0: 00f564c8 010a0ce5 042a1060 00000010 .d......`.*.....
0x00f564c0: 00000010 020d38b0 00f56500 00000250 .....8...e..P...
0x00f564d0: 00f564ec 010a0d28 00000244 00000010 .d..(...D.......
0x00f564e0: 00000244 00000010 020d38b0 00f56524 D........8..$e..
0x00f564f0: 010a32b3 00000244 00000010 00000244 .2..D.......D...
0x00f56500: 00000001 00000000 00000028 00000004 ........(.......
0x00f56510: 00000044 00000000 01ed7f48 156596b0 D.......H.....e.
0x00f56520: 156593f8 00000008 010a3384 00000244 ..e......3..D...
0x00f56530: 00000001 00000044 3f800000 3f800000 ....D......?...?
0x00f56540: 00000000 00000000 00f56568 012a35d1 ........he...5*.
0x00f56550: 156593f8 156594e0 00000000 15659250 ..e...e.....P.e.
0x00f56560: 00000002 156596b0 00000028 00000010 ......e.(.......
0x00f56570: 020d38b0 00f565ac 010a3154 00000028 .8...e..T1..(...
0x00f56580: 00000010 00000028 00000004 00000000 ....(...........
0x00f56590: 071055ec 00f565b0 017a5406 071055ec .U...e...Tz..U..
0x00f565a0: 04f51588 00000010 04879828 00f565f8 ........(....e..
0x00f565b0: 010a3384 00000028 00000004 00000001 .3..(...........
0x00f565c0: 00000000 01ed7f48 000001d0 00000002 ....H...........
0x00f565d0: 00f56684 00f566dc 00000000 04879828 .f...f......(...
0x00f565e0: 06b51cc0 094a06e4 07105724 00f56634 ......J.$W..4f..
0x00f565f0: 017a60fc 00f566dc 04f51300 0000001e .`z..f..........
0x00f56600: 0000000d 0000000f 16011560 00000000 ........`.......
0x00f56610: 00000000 00f5662c 010a3de9 046b1900 ....,f...=....k.
0x00f56620: 046b1040 046b1900 020d38b0 00f56640 @.k...k..8..@f..
0x00f56630: 010a2a47 046b1900 00f56a18 155e72f0 G*....k..j...r^.
0x00f56640: 00f56650 010a2ea2 046b1900 00000001 Pf........k.....
0x00f56650: 00f566c8 013e58af 046b1900 00000001 .f...X>...k.....
0x00f56660: 00000024 00000000 00000078 00000000 $.......x.......
0x00f56670: 004a0554 00000000 00000000 00000001 T.J.............
0x00f56680: 000005ee 046b1900 00000001 00000001 ......k.........
0x00f56690: 00000002 04f51300 00000000 00000024 ............$...
0x00f566a0: 00000001 15658f30 00004000 0000000f ....0.e..@......
0x00f566b0: 16011560 00000001 00000000 00000001 `...............
0x00f566c0: 041dd030 00000000 00f566f4 013e594b 0........f..KY>.
0x00f566d0: 155d6538 00f566dc 04945ea4 00f566ec 8e]..f...^...f..
0x00f566e0: 00000001 00f56601 00000000 00000004 .....f..........
0x00f566f0: 00000000 00f56730 0112a3b6 155d6538 ....0g......8e].
0x00f56700: 00f56718 010a3de9 046b18c0 00f56724 .g...=....k.$g..
0x00f56710: 010a3de9 046b1880 00000001 046b1880 .=....k.......k.
0x00f56720: 020d38b0 00f56738 010a2a47 046b1880 .8..8g..G*....k.
0x00f56730: 00000000 15659680 00f56748 010a2ea2 ......e.Hg......
0x00f56740: 046b1880 00000001 00f56bc8 011355fc ..k......k...U..
0x00f56750: 046b1880 00000001 00000000 00000000 ..k.............
0x00f56760: 00000000 7f800000 7f800000 7f800000 ................
0x00f56770: 00000052 3f800000 3f800000 00000000 R......?...?....
0x00f56780: 00000000 00000000 00000000 00000000 ................
0x00f56790: 00000000 00000000 00000000 00000000 ................
0x00f567a0: 7f800000 7f800000 7f800000 00000052 ............R...
0x00f567b0: 3f800000 3f800000 00000000 00000000 ...?...?........
0x00f567c0: 00000000 00000000 00000000 00000000 ................
0x00f567d0: 00000000 00000000 00000000 00000000 ................
0x00f567e0: 7f800000 7f800000 7f800000 00000052 ............R...
0x00f567f0: 3f800000 3f800000 00000000 00000000 ...?...?........
0x00f56800: 00000000 00000000 00000000 00000000 ................
0x00f56810: 00000000 00000000 00000000 7f800000 ................
0x00f56820: 7f800000 7f800000 00000052 3f800000 ........R......?
0x00f56830: 3f800000 00000000 00000000 00000000 ...?............
0x00f56840: 00000000 00000000 00000000 00000000 ................
0x00f56850: 00f56bc7 00f56a18 00000000 00000000 .k...j..........
0x00f56860: 00000000 7f800000 7f800000 7f800000 ................
0x00f56870: 00000052 3f800000 3f800000 00000000 R......?...?....
0x00f56880: 00000000 00000000 00000000 00000000 ................
0x00f56890: 00000000 00000000 00000000 00000000 ................
0x00f568a0: 7f800000 7f800000 7f800000 00000052 ............R...
0x00f568b0: 3f800000 3f800000 00000000 00000000 ...?...?........
0x00f568c0: 00000000 00000000 00000000 00000000 ................
0x00f568d0: 00000000 00000021 3f800000 00000000 ....!......?....
0x00f568e0: 00000000 00000000 7f800000 7f800000 ................
0x00f568f0: 7f800000 3f800000 00000000 00000000 .......?........
0x00f56900: 00000000 00000000 3f800000 00000000 ...........?....
0x00f56910: 00000000 00000000 00000000 3f800000 ...............?
0x00f56920: 00000000 00000000 00000000 00000000 ................
0x00f56930: 3f800000 00000001 00000000 00000000 ...?............
0x00f56940: 00000000 00000000 00000000 00000000 ................
0x00f56950: 00000000 00000000 00000000 00000000 ................
0x00f56960: 00000000 00000000 00000000 00000000 ................
0x00f56970: 00000000 00000000 00000000 00000000 ................
0x00f56980: 00000000 00000000 00000000 00000000 ................
0x00f56990: 00000000 00000000 00000000 00000000 ................
0x00f569a0: 00000000 00000000 00000000 00000000 ................
0x00f569b0: 00000000 00000000 00000000 00000000 ................
0x00f569c0: 00000000 00000000 00000000 00000000 ................
0x00f569d0: 00000000 00000000 00000000 00000000 ................
0x00f569e0: 00000000 00000000 00000000 00000000 ................
0x00f569f0: 00000000 00000000 00000000 00000000 ................
0x00f56a00: 00000000 00000000 00000000 00000000 ................
0x00f56a10: 00f56a18 00f56bc7 04f51308 04f51300 .j...k..........
0x00f56a20: 01ede2b8 00000001 00000000 00000000 ................
0x00f56a30: 00000000 00000000 00000000 00000000 ................
0x00f56a40: 046b1880 00000001 00000000 0000000a ..k.............
0x00f56a50: 00000000 00000001 00000000 0000000a ................
0x00f56a60: 00000000 00000001 00000000 000000c0 ................
0x00f56a70: 00000000 00000000 00000001 00000001 ................
0x00f56a80: 00000000 00000001 00000000 00000008 ................
0x00f56a90: 00000000 00000001 00000000 00000080 ................
0x00f56aa0: 00000101 00f56bc7 155d6538 013e5910 .....k..8e]..Y>.
0x00f56ab0: 013e55f0 001b0001 04945ea4 155d6531 .U>......^..1e].
0x00f56ac0: 00000000 00000000 00000000 00000000 ................
0x00f56ad0: 00000000 00000000 00000000 00000000 ................
0x00f56ae0: 15000000 00000000 020d4b00 00000000 .........K......
0x00f56af0: 00000000 00000000 159ea140 00000000 ........@.......
0x00f56b00: 00000000 00000000 15659634 00f56a18 ........4.e..j..
0x00f56b10: 3f800000 3f800000 3f800000 3f800000 ...?...?...?...?
0x00f56b20: 3f796a52 00000000 00000000 00000000 Rjy?............
0x00f56b30: 00000000 3fddb3d7 00000000 00000000 .......?........
0x00f56b40: 00000000 00000000 00000000 00000000 ................
0x00f56b50: 00f56c50 010cd7dd 00f56c64 010cd7dd Pl......dl......
0x00f56b60: 00f56c10 00f56c30 00f56c40 00f56bc0 .l..0l..@l...k..
0x00f56b70: 00f56c00 00f56ba0 00f56c20 00f56be0 .l...k.. l...k..
0x00f56b80: 00f56bf0 00f56bd0 00f56bb0 00f56b90 .k...k...k...k..
0x00f56b90: 4338acce 42689fbc 3e55915d 43987d97 ..8C..hB].U>.}.C
0x00f56ba0: 00000000 3f800000 00000000 00000000 .......?........
0x00f56bb0: bf70eaa1 00000000 b8a2e551 3e848440 ..p.....Q...@..>
0x00f56bc0: 00000000 00000000 3e99a567 00000000 ........g..>....
0x00f56bd0: 00000000 3fddb3d7 00000000 00000000 .......?........
0x00f56be0: 433d8cef 42064e36 c3987d97 3f800000 ..=C6N.B.}.....?
0x00f56bf0: 3e811bab 00000000 b997fb77 3f7746df ...>....w....Fw?
0x00f56c00: 3e848440 00000000 bf7746df 00000000 @..>.....Fw.....
0x00f56c10: 3f796a52 00000000 00000000 00000000 Rjy?............
0x00f56c20: bf7746df 00000000 be848440 00000000 .Fw.....@.......
0x00f56c30: 00000000 3fddb3d7 00000000 00000000 .......?........
0x00f56c40: 00000000 00000000 399d5800 bf800000 .........X.9....
0x00f56c50: 00f56c84 012f0a36 be848440 00000000 .l..6./.@.......
0x00f56c60: bf7746df 04f51300 012f0a36 1582a8e0 .Fw.....6./.....
0x00f56c70: 04f51a28 04f51aa8 00000010 15628cb4 (.............b.
0x00f56c80: 04f51300 15658dd0 15658dd0 004a0730 ......e...e.0.J.
0x00f56c90: 004a0734 00f56cdc 01132cea 15658dd0 4.J..l...,....e.
0x00f56ca0: 00000011 01135ad7 156595b0 0000003c .....Z....e.<...
0x00f56cb0: 3f800000 3f800000 3f800000 3f800000 ...?...?...?...?
0x00f56cc0: 3f796a52 00000000 00000000 00000000 Rjy?............
0x00f56cd0: 00000000 3fddb3d7 00000000 00000000 .......?........
0x00f56ce0: 00000000 00000000 00000000 00000000 ................
0x00f56cf0: 00f56df0 010cd7dd 00f56dfc 010cd7dd .m.......m......
0x00f56d00: 00f56db0 00f56dd0 00f56de0 00f56d60 .m...m...m..`m..
0x00f56d10: 00f56da0 00f56d40 00f56d64 05b8639c .m..@m..dm...c..
0x00f56d20: 04130da0 00f56d70 00f56d50 00f56d30 ....pm..Pm..0m..
0x00f56d30: 4338acce 00f56d4c 10001e35 058ec428 ..8CLm..5...(...
0x00f56d40: 058ec428 058ec428 00000000 00000000 (...(...........
0x00f56d50: 10001ddd 058208c8 058ec428 00f56d64 ........(...dm..
0x00f56d60: 00f56d68 00f56d94 100f173f 00000000 hm...m..?.......
0x00f56d70: 00f56e68 00f56ef8 05b9d2b8 00010000 hn...n..........
0x00f56d80: 00000000 058ec428 c3987d97 04114e70 ....(....}..pN..
0x00f56d90: 047ddb90 00000004 1582a8e0 058ec428 ..}.........(...
0x00f56da0: 00000000 00f56e68 1005d843 00f56ef8 ....hn..C....n..
0x00f56db0: 00f56e08 00000000 00f56dd0 012fbcfe .n.......m..../.
0x00f56dc0: 058ec428 00000000 00f56e68 00f56ef8 (.......hn...n..
0x00f56dd0: 00f56df8 0132351a 058ec428 00f5f100 .m...52.(.......
0x00f56de0: 00000000 00f56e08 00f56ef8 00000000 .....n...n......
0x00f56df0: 1582a8e0 00000000 00f56efc 010cdc8c .........n......
0x00f56e00: 00f56ef8 00000000 04f51a28 04f51aa8 .n......(.......
0x00f56e10: 00f56ecc 00f56e4c 04f51300 00f56e34 .n..Ln......4n..
0x00f56e20: 01791d91 1582a980 00f56ecc 04f51300 ..y......n......
0x00f56e30: 004a07c4 00f56ef4 0113dabc 004a07c0 ..J..n........J.
0x00f56e40: 1582a8e0 00f56f58 00f5f100 3e848440 ....Xo......@..>
0x00f56e50: 00000000 bf7746df 00000000 00000000 .....Fw.........
0x00f56e60: 3f800000 00000000 04130da0 00000000 ...?............
0x00f56e70: 00000000 04e910b0 00000000 00000000 ................
0x00f56e80: 00000000 04e910e8 00000000 00f56ec0 .............n..
0x00f56e90: 0118d3b9 041a7919 04e89160 00f56ed0 .....y..`....n..
0x00f56ea0: 0118d3b9 04944c0c 047c3030 00f56ec4 .....L..00|..n..
0x00f56eb0: 017a6d7e 04944c0c 027b1000 04944c30 ~mz..L....{.0L..
0x00f56ec0: 020d4ac0 00f56ee8 010a1c68 047c3030 .J...n..h...00|.
0x00f56ed0: 04944c30 04944c30 020d4b80 020d4ac0 0L..0L...K...J..
0x00f56ee0: 04944c30 020d4ac0 00f56f00 010a10cd 0L...J...o......
0x00f56ef0: 01944c30 04944c30 020d38b0 04944c30 0L..0L...8..0L..
0x00f56f00: 00f56f14 010a2ac4 04944c30 042c0b10 .o...*..0L....,.
0x00f56f10: 159f6a00 00f56f24 010a2ea2 04944c30 .j..$o......0L..
0x00f56f20: 00000040 00f56f54 011035cb 04944c30 @...To...5..0L..
0x00f56f30: 00000040 00000000 1582a8e0 1582a8e0 @...............
0x00f56f40: 010d1e0d 042c0b10 047ddb90 00f5f100 ......,...}.....
0x00f56f50: 1582a8e0 00f5f0c0 010d79a1 00f5f100 .........y......
0x00f56f60: 041afe90 1582a8e0 00f5f664 00000000 ........d.......
0x00f56f70: 00000001 00000000 00000000 00000001 ................
0x00f56f80: 01eddac0 00000000 00000000 00000000 ................
0x00f56f90: 00000000 00000000 00000000 00000000 ................
0x00f56fa0: 00000000 00000000 00000000 00000000 ................
0x00f56fb0: 00000000 00000000 00000000 00000000 ................
0x00f56fc0: 00000000 00000000 00000000 00000000 ................
0x00f56fd0: 00000000 00000000 00000000 00000000 ................
0x00f56fe0: 00000000 00000000 00000000 00000000 ................
0x00f56ff0: 00000000 00000000 00000000 00000000 ................
0x00f57000: 00000000 00000000 00000000 00000000 ................
0x00f57010: 00000000 00000000 00000000 00000000 ................
0x00f57020: 00000000 00000000 00000000 00000000 ................
0x00f57030: 00000000 00000000 00000000 00000000 ................
0x00f57040: 00000000 00000000 00000000 00000000 ................
0x00f57050: 00000000 00000000 00000000 00000000 ................
0x00f57060: 00000000 00000000 00000000 00000000 ................
0x00f57070: 00000000 00000000 00000000 00000000 ................
0x00f57080: 00000000 00000000 00000000 00000000 ................
0x00f57090: 00000000 00000000 00000000 00000000 ................
0x00f570a0: 00000000 00000000 00000000 00000000 ................
0x00f570b0: 00000000 00000000 00000000 00000000 ................
0x00f570c0: 00000000 00000000 00000000 00000000 ................
0x00f570d0: 00000000 00000000 00000000 00000000 ................
0x00f570e0: 00000000 00000000 00000000 00000000 ................
0x00f570f0: 00000000 00000000 00000000 00000000 ................
0x00f57100: 00000000 00000000 00000000 00000000 ................
0x00f57110: 00000000 00000000 00000000 00000000 ................
0x00f57120: 00000000 00000000 00000000 00000000 ................
0x00f57130: 00000000 00000000 00000000 00000000 ................
0x00f57140: 00000000 00000000 00000000 00000000 ................
0x00f57150: 00000000 00000000 00000000 00000000 ................
0x00f57160: 00000000 00000000 00000000 00000000 ................
0x00f57170: 00000000 00000000 00000000 00000000 ................
0x00f57180: 00000000 00000000 00000000 00000000 ................
0x00f57190: 00000000 00000000 00000000 00000000 ................
0x00f571a0: 00000000 00000000 00000000 00000000 ................
0x00f571b0: 00000000 00000000 00000000 00000000 ................
0x00f571c0: 00000000 00000000 00000000 00000000 ................
0x00f571d0: 00000000 00000000 00000000 00000000 ................
0x00f571e0: 00000000 00000000 00000000 00000000 ................
0x00f571f0: 00000000 00000000 00000000 00000000 ................
0x00f57200: 00000000 00000000 00000000 00000000 ................
0x00f57210: 00000000 00000000 00000000 00000000 ................
0x00f57220: 00000000 00000000 00000000 00000000 ................
0x00f57230: 00000000 00000000 00000000 00000000 ................
0x00f57240: 00000000 00000000 00000000 00000000 ................
0x00f57250: 00000000 00000000 00000000 00000000 ................
0x00f57260: 00000000 00000000 00000000 00000000 ................
0x00f57270: 00000000 00000000 00000000 00000000 ................
0x00f57280: 00000000 00000000 00000000 00000000 ................
0x00f57290: 00000000 00000000 00000000 00000000 ................
0x00f572a0: 00000000 00000000 00000000 00000000 ................
0x00f572b0: 00000000 00000000 00000000 00000000 ................
0x00f572c0: 00000000 00000000 00000000 00000000 ................
0x00f572d0: 00000000 00000000 00000000 00000000 ................
0x00f572e0: 00000000 00000000 00000000 00000000 ................
0x00f572f0: 00000000 00000000 00000000 00000000 ................
0x00f57300: 00000000 00000000 00000000 00000000 ................
0x00f57310: 00000000 00000000 00000000 00000000 ................
0x00f57320: 00000000 00000000 00000000 00000000 ................
0x00f57330: 00000000 00000000 00000000 00000000 ................
0x00f57340: 00000000 00000000 00000000 00000000 ................
0x00f57350: 00000000 00000000 00000000 00000000 ................
0x00f57360: 00000000 00000000 00000000 00000000 ................
0x00f57370: 00000000 00000000 00000000 00000000 ................
0x00f57380: 00000000 00000000 00000000 00000000 ................
0x00f57390: 00000000 00000000 00000000 00000000 ................
0x00f573a0: 00000000 00000000 00000000 00000000 ................
0x00f573b0: 00000000 00000000 00000000 00000000 ................
0x00f573c0: 00000000 00000000 00000000 00000000 ................
0x00f573d0: 00000000 00000000 00000000 00000000 ................
0x00f573e0: 00000000 00000000 00000000 00000000 ................
0x00f573f0: 00000000 00000000 00000000 00000000 ................
0x00f57400: 00000000 00000000 00000000 00000000 ................
0x00f57410: 00000000 00000000 00000000 00000000 ................
0x00f57420: 00000000 00000000 00000000 00000000 ................
0x00f57430: 00000000 00000000 00000000 00000000 ................
0x00f57440: 00000000 00000000 00000000 00000000 ................
0x00f57450: 00000000 00000000 00000000 00000000 ................
0x00f57460: 00000000 00000000 00000000 00000000 ................
0x00f57470: 00000000 00000000 00000000 00000000 ................
0x00f57480: 00000000 00000000 00000000 00000000 ................
0x00f57490: 00000000 00000000 00000000 00000000 ................
0x00f574a0: 00000000 00000000 00000000 00000000 ................
0x00f574b0: 00000000 00000000 00000000 00000000 ................
0x00f574c0: 00000000 00000000 00000000 00000000 ................
0x00f574d0: 00000000 00000000 00000000 00000000 ................
0x00f574e0: 00000000 00000000 00000000 00000000 ................
0x00f574f0: 00000000 00000000 00000000 00000000 ................
0x00f57500: 00000000 00000000 00000000 00000000 ................
0x00f57510: 00000000 00000000 00000000 00000000 ................
0x00f57520: 00000000 00000000 00000000 00000000 ................
0x00f57530: 00000000 00000000 00000000 00000000 ................
0x00f57540: 00000000 00000000 00000000 00000000 ................
0x00f57550: 00000000 00000000 00000000 00000000 ................
0x00f57560: 00000000 00000000 00000000 00000000 ................
0x00f57570: 00000000 00000000 00000000 00000000 ................
0x00f57580: 00000000 00000000 00000000 00000000 ................
0x00f57590: 00000000 00000000 00000000 00000000 ................
0x00f575a0: 00000000 00000000 00000000 00000000 ................
0x00f575b0: 00000000 00000000 00000000 00000000 ................
0x00f575c0: 00000000 00000000 00000000 00000000 ................
0x00f575d0: 00000000 00000000 00000000 00000000 ................
0x00f575e0: 00000000 00000000 00000000 00000000 ................
0x00f575f0: 00000000 00000000 00000000 00000000 ................
0x00f57600: 00000000 00000000 00000000 00000000 ................
0x00f57610: 00000000 00000000 00000000 00000000 ................
0x00f57620: 00000000 00000000 00000000 00000000 ................
0x00f57630: 00000000 00000000 00000000 00000000 ................
0x00f57640: 00000000 00000000 00000000 00000000 ................
0x00f57650: 00000000 00000000 00000000 00000000 ................
0x00f57660: 00000000 00000000 00000000 00000000 ................
0x00f57670: 00000000 00000000 00000000 00000000 ................
0x00f57680: 00000000 00000000 00000000 00000000 ................
0x00f57690: 00000000 00000000 00000000 00000000 ................
0x00f576a0: 00000000 00000000 00000000 00000000 ................
0x00f576b0: 00000000 00000000 00000000 00000000 ................
0x00f576c0: 00000000 00000000 00000000 00000000 ................
0x00f576d0: 00000000 00000000 00000000 00000000 ................
0x00f576e0: 00000000 00000000 00000000 00000000 ................
0x00f576f0: 00000000 00000000 00000000 00000000 ................
0x00f57700: 00000000 00000000 00000000 00000000 ................
0x00f57710: 00000000 00000000 00000000 00000000 ................
0x00f57720: 00000000 00000000 00000000 00000000 ................
0x00f57730: 00000000 00000000 00000000 00000000 ................
0x00f57740: 00000000 00000000 00000000 00000000 ................
0x00f57750: 00000000 00000000 00000000 00000000 ................
0x00f57760: 00000000 00000000 00000000 00000000 ................
0x00f57770: 00000000 00000000 00000000 00000000 ................
0x00f57780: 00000000 00000000 00000000 00000000 ................
0x00f57790: 00000000 00000000 00000000 00000000 ................
0x00f577a0: 00000000 00000000 00000000 00000000 ................
0x00f577b0: 00000000 00000000 00000000 00000000 ................
0x00f577c0: 00000000 00000000 00000000 00000000 ................
0x00f577d0: 00000000 00000000 00000000 00000000 ................
0x00f577e0: 00000000 00000000 00000000 00000000 ................
0x00f577f0: 00000000 00000000 00000000 00000000 ................
0x00f57800: 00000000 00000000 00000000 00000000 ................
0x00f57810: 00000000 00000000 00000000 00000000 ................
0x00f57820: 00000000 00000000 00000000 00000000 ................
0x00f57830: 00000000 00000000 00000000 00000000 ................
0x00f57840: 00000000 00000000 00000000 00000000 ................
0x00f57850: 00000000 00000000 00000000 00000000 ................
0x00f57860: 00000000 00000000 00000000 00000000 ................
0x00f57870: 00000000 00000000 00000000 00000000 ................
0x00f57880: 00000000 00000000 00000000 00000000 ................
0x00f57890: 00000000 00000000 00000000 00000000 ................
0x00f578a0: 00000000 00000000 00000000 00000000 ................
0x00f578b0: 00000000 00000000 00000000 00000000 ................
0x00f578c0: 00000000 00000000 00000000 00000000 ................
0x00f578d0: 00000000 00000000 00000000 00000000 ................
0x00f578e0: 00000000 00000000 00000000 00000000 ................
0x00f578f0: 00000000 00000000 00000000 00000000 ................
0x00f57900: 00000000 00000000 00000000 00000000 ................
0x00f57910: 00000000 00000000 00000000 00000000 ................
0x00f57920: 00000000 00000000 00000000 00000000 ................
0x00f57930: 00000000 00000000 00000000 00000000 ................
0x00f57940: 00000000 00000000 00000000 00000000 ................
0x00f57950: 00000000 00000000 00000000 00000000 ................
0x00f57960: 00000000 00000000 00000000 00000000 ................
0x00f57970: 00000000 00000000 00000000 00000000 ................
0x00f57980: 00000000 00000000 00000000 00000000 ................
0x00f57990: 00000000 00000000 00000000 00000000 ................
0x00f579a0: 00000000 00000000 00000000 00000000 ................
0x00f579b0: 00000000 00000000 00000000 00000000 ................
0x00f579c0: 00000000 00000000 00000000 00000000 ................
0x00f579d0: 00000000 00000000 00000000 00000000 ................
0x00f579e0: 00000000 00000000 00000000 00000000 ................
0x00f579f0: 00000000 00000000 00000000 00000000 ................
0x00f57a00: 00000000 00000000 00000000 00000000 ................
0x00f57a10: 00000000 00000000 00000000 00000000 ................
0x00f57a20: 00000000 00000000 00000000 00000000 ................
0x00f57a30: 00000000 00000000 00000000 00000000 ................
0x00f57a40: 00000000 00000000 00000000 00000000 ................
0x00f57a50: 00000000 00000000 00000000 00000000 ................
0x00f57a60: 00000000 00000000 00000000 00000000 ................
0x00f57a70: 00000000 00000000 00000000 00000000 ................
0x00f57a80: 00000000 00000000 00000000 00000000 ................
0x00f57a90: 00000000 00000000 00000000 00000000 ................
0x00f57aa0: 00000000 00000000 00000000 00000000 ................
0x00f57ab0: 00000000 00000000 00000000 00000000 ................
0x00f57ac0: 00000000 00000000 00000000 00000000 ................
0x00f57ad0: 00000000 00000000 00000000 00000000 ................
0x00f57ae0: 00000000 00000000 00000000 00000000 ................
0x00f57af0: 00000000 00000000 00000000 00000000 ................
0x00f57b00: 00000000 00000000 00000000 00000000 ................
0x00f57b10: 00000000 00000000 00000000 00000000 ................
0x00f57b20: 00000000 00000000 00000000 00000000 ................
0x00f57b30: 00000000 00000000 00000000 00000000 ................
0x00f57b40: 00000000 00000000 00000000 00000000 ................
0x00f57b50: 00000000 00000000 00000000 00000000 ................
0x00f57b60: 00000000 00000000 00000000 00000000 ................
0x00f57b70: 00000000 00000000 00000000 00000000 ................
0x00f57b80: 00000000 00000000 00000000 00000000 ................
0x00f57b90: 00000000 00000000 00000000 00000000 ................
0x00f57ba0: 00000000 00000000 00000000 00000000 ................
0x00f57bb0: 00000000 00000000 00000000 00000000 ................
0x00f57bc0: 00000000 00000000 00000000 00000000 ................
0x00f57bd0: 00000000 00000000 00000000 00000000 ................
0x00f57be0: 00000000 00000000 00000000 00000000 ................
0x00f57bf0: 00000000 00000000 00000000 00000000 ................
0x00f57c00: 00000000 00000000 00000000 00000000 ................
0x00f57c10: 00000000 00000000 00000000 00000000 ................
0x00f57c20: 00000000 00000000 00000000 00000000 ................
0x00f57c30: 00000000 00000000 00000000 00000000 ................
0x00f57c40: 00000000 00000000 00000000 00000000 ................
0x00f57c50: 00000000 00000000 00000000 00000000 ................
0x00f57c60: 00000000 00000000 00000000 00000000 ................
0x00f57c70: 00000000 00000000 00000000 00000000 ................
0x00f57c80: 00000000 00000000 00000000 00000000 ................
0x00f57c90: 00000000 00000000 00000000 00000000 ................
0x00f57ca0: 00000000 00000000 00000000 00000000 ................
0x00f57cb0: 00000000 00000000 00000000 00000000 ................
0x00f57cc0: 00000000 00000000 00000000 00000000 ................
0x00f57cd0: 00000000 00000000 00000000 00000000 ................
0x00f57ce0: 00000000 00000000 00000000 00000000 ................
0x00f57cf0: 00000000 00000000 00000000 00000000 ................
0x00f57d00: 00000000 00000000 00000000 00000000 ................
0x00f57d10: 00000000 00000000 00000000 00000000 ................
0x00f57d20: 00000000 00000000 00000000 00000000 ................
0x00f57d30: 00000000 00000000 00000000 00000000 ................
0x00f57d40: 00000000 00000000 00000000 00000000 ................
0x00f57d50: 00000000 00000000 00000000 00000000 ................
0x00f57d60: 00000000 00000000 00000000 00000000 ................
0x00f57d70: 00000000 00000000 00000000 00000000 ................
0x00f57d80: 00000000 00000000 00000000 00000000 ................
0x00f57d90: 00000000 00000000 00000000 00000000 ................
0x00f57da0: 00000000 00000000 00000000 00000000 ................
0x00f57db0: 00000000 00000000 00000000 00000000 ................
0x00f57dc0: 00000000 00000000 00000000 00000000 ................
0x00f57dd0: 00000000 00000000 00000000 00000000 ................
0x00f57de0: 00000000 00000000 00000000 00000000 ................
0x00f57df0: 00000000 00000000 00000000 00000000 ................
0x00f57e00: 00000000 00000000 00000000 00000000 ................
0x00f57e10: 00000000 00000000 00000000 00000000 ................
0x00f57e20: 00000000 00000000 00000000 00000000 ................
0x00f57e30: 00000000 00000000 00000000 00000000 ................
0x00f57e40: 00000000 00000000 00000000 00000000 ................
0x00f57e50: 00000000 00000000 00000000 00000000 ................
0x00f57e60: 00000000 00000000 00000000 00000000 ................
0x00f57e70: 00000000 00000000 00000000 00000000 ................
0x00f57e80: 00000000 00000000 00000000 00000000 ................
0x00f57e90: 00000000 00000000 00000000 00000000 ................

Module 1
C:\Users\Richard\Documents\Git\dontgetcrushed\Don't Get Crushed\dgc2.0.exe
Image Base: 0x01090000  Image Size: 0x0122e000
File Size:  18200576    File Time:  2016-11-24_094838
Version:
   Company:    
   Product:    
   FileDesc:   
   FileVer:    5.5.0.46319
   ProdVer:    5.5.0.46319

Module 2
C:\WINDOWS\SYSTEM32\WINMMBASE.dll
Image Base: 0x02560000  Image Size: 0x00023000
File Size:  131208      File Time:  2016-07-16_064250
Version:
   Company:    Microsoft Corporation
   Product:    Microsoft® Windows® Operating System
   FileDesc:   Base Multimedia Extension API DLL
   FileVer:    10.0.14393.0
   ProdVer:    10.0.14393.0

Module 3
C:\Users\Richard\Documents\Git\dontgetcrushed\Don't Get Crushed\dgc2.0_Data\Mono\mono.dll
Image Base: 0x10000000  Image Size: 0x00231000
File Size:  2115008     File Time:  2016-11-24_100056
Version:
   Company:    Unity Technologies
   Product:    libmono
   FileDesc:   Unity Technologies fork of mono runtime
   FileVer:    1.0.0.1
   ProdVer:    1.0.0.1

Module 4
C:\WINDOWS\SYSTEM32\xinput9_1_0.dll
Image Base: 0x6c7c0000  Image Size: 0x00007000
File Size:  9216        File Time:  2016-07-16_064306
Version:
   Company:    Microsoft Corporation
   Product:    Microsoft® Windows® Operating System
   FileDesc:   XNA Common Controller
   FileVer:    10.0.14393.0
   ProdVer:    10.0.14393.0

Module 5
C:\WINDOWS\SYSTEM32\midimap.dll
Image Base: 0x6c7d0000  Image Size: 0x00008000
File Size:  18944       File Time:  2016-07-16_064250
Version:
   Company:    Microsoft Corporation
   Product:    Microsoft® Windows® Operating System
   FileDesc:   Microsoft MIDI Mapper
   FileVer:    10.0.14393.0
   ProdVer:    10.0.14393.0

Module 6
C:\WINDOWS\SYSTEM32\MSACM32.dll
Image Base: 0x6c7e0000  Image Size: 0x00018000
File Size:  90912       File Time:  2016-07-16_064250
Version:
   Company:    Microsoft Corporation
   Product:    Microsoft® Windows® Operating System
   FileDesc:   Microsoft ACM Audio Filter
   FileVer:    10.0.14393.0
   ProdVer:    10.0.14393.0

Module 7
C:\WINDOWS\SYSTEM32\msacm32.drv
Image Base: 0x6c800000  Image Size: 0x0000a000
File Size:  24576       File Time:  2016-07-16_064250
Version:
   Company:    Microsoft Corporation
   Product:    Microsoft® Windows® Operating System
   FileDesc:   Microsoft Sound Mapper
   FileVer:    10.0.14393.0
   ProdVer:    10.0.14393.0

Module 8
C:\WINDOWS\SYSTEM32\wintypes.dll
Image Base: 0x6c810000  Image Size: 0x000cf000
File Size:  846560      File Time:  2016-10-14_231810
Version:
   Company:    Microsoft Corporation
   Product:    Microsoft® Windows® Operating System
   FileDesc:   Windows Base Types DLL
   FileVer:    10.0.14393.351
   ProdVer:    10.0.14393.351

Module 9
C:\WINDOWS\SYSTEM32\AUDIOSES.DLL
Image Base: 0x6c8e0000  Image Size: 0x0007b000
File Size:  484584      File Time:  2016-11-02_070138
Version:
   Company:    Microsoft Corporation
   Product:    Microsoft® Windows® Operating System
   FileDesc:   Audio Session
   FileVer:    10.0.14393.447
   ProdVer:    10.0.14393.447

Module 10
C:\WINDOWS\system32\wbem\fastprox.dll
Image Base: 0x6c960000  Image Size: 0x000c2000
File Size:  779776      File Time:  2016-07-16_064258
Version:
   Company:    Microsoft Corporation
   Product:    Microsoft® Windows® Operating System
   FileDesc:   WMI Custom Marshaller
   FileVer:    10.0.14393.0
   ProdVer:    10.0.14393.0

Module 11
C:\WINDOWS\SYSTEM32\igd10iumd32.dll
Image Base: 0x6ca30000  Image Size: 0x00abf000
File Size:  11385992    File Time:  2015-08-14_133006
Version:
   Company:    Intel Corporation
   Product:    Intel HD Graphics Drivers for Windows 8(R)
   FileDesc:   User Mode Driver for Intel(R) Graphics Technology
   FileVer:    10.18.15.4256
   ProdVer:    10.18.15.4256

Module 12
C:\WINDOWS\SYSTEM32\AVRT.dll
Image Base: 0x6d5e0000  Image Size: 0x00009000
File Size:  29448       File Time:  2016-07-16_064250
Version:
   Company:    Microsoft Corporation
   Product:    Microsoft® Windows® Operating System
   FileDesc:   Multimedia Realtime Runtime
   FileVer:    10.0.14393.0
   ProdVer:    10.0.14393.0

Module 13
C:\WINDOWS\SYSTEM32\ksuser.dll
Image Base: 0x6d5f0000  Image Size: 0x00007000
File Size:  20672       File Time:  2016-07-16_064250
Version:
   Company:    Microsoft Corporation
   Product:    Microsoft® Windows® Operating System
   FileDesc:   User CSA Library
   FileVer:    10.0.14393.0
   ProdVer:    10.0.14393.0

Module 14
C:\WINDOWS\SYSTEM32\wdmaud.drv
Image Base: 0x6d600000  Image Size: 0x00039000
File Size:  207360      File Time:  2016-07-16_064250
Version:
   Company:    Microsoft Corporation
   Product:    Microsoft® Windows® Operating System
   FileDesc:   Winmm  audio system driver
   FileVer:    10.0.14393.0
   ProdVer:    10.0.14393.0

Module 15
C:\WINDOWS\System32\MMDevApi.dll
Image Base: 0x6d640000  Image Size: 0x00058000
File Size:  352768      File Time:  2016-07-16_064250
Version:
   Company:    Microsoft Corporation
   Product:    Microsoft® Windows® Operating System
   FileDesc:   MMDevice API
   FileVer:    10.0.14393.0
   ProdVer:    10.0.14393.0

Module 16
C:\WINDOWS\system32\wbem\wbemsvc.dll
Image Base: 0x6d6a0000  Image Size: 0x00010000
File Size:  48640       File Time:  2016-07-16_064258
Version:
   Company:    Microsoft Corporation
   Product:    Microsoft® Windows® Operating System
   FileDesc:   WMI
   FileVer:    10.0.14393.0
   ProdVer:    10.0.14393.0

Module 17
C:\WINDOWS\SYSTEM32\wbemcomn.dll
Image Base: 0x6d6b0000  Image Size: 0x00067000
File Size:  391168      File Time:  2016-07-16_064258
Version:
   Company:    Microsoft Corporation
   Product:    Microsoft® Windows® Operating System
   FileDesc:   WMI
   FileVer:    10.0.14393.0
   ProdVer:    10.0.14393.0

Module 18
C:\WINDOWS\system32\wbem\wbemprox.dll
Image Base: 0x6d720000  Image Size: 0x0000d000
File Size:  35328       File Time:  2016-07-16_064258
Version:
   Company:    Microsoft Corporation
   Product:    Microsoft® Windows® Operating System
   FileDesc:   WMI
   FileVer:    10.0.14393.0
   ProdVer:    10.0.14393.0

Module 19
C:\WINDOWS\SYSTEM32\igdusc32.dll
Image Base: 0x6d730000  Image Size: 0x0089b000
File Size:  4894224     File Time:  2015-08-14_133010
Version:
   Company:    Intel Corporation
   Product:    Intel HD Graphics Drivers for Windows 8(R)
   FileDesc:   Unified Shader Compiler for Intel(R) Graphics Accelerator
   FileVer:    10.18.15.4256
   ProdVer:    10.18.15.4256

Module 20
C:\WINDOWS\SYSTEM32\NTASN1.dll
Image Base: 0x6dfd0000  Image Size: 0x0002b000
File Size:  173008      File Time:  2016-07-16_064256
Version:
   Company:    Microsoft Corporation
   Product:    Microsoft® Windows® Operating System
   FileDesc:   Microsoft ASN.1 API
   FileVer:    10.0.14393.0
   ProdVer:    10.0.14393.0

Module 21
C:\WINDOWS\SYSTEM32\ncrypt.dll
Image Base: 0x6e000000  Image Size: 0x00020000
File Size:  120384      File Time:  2016-07-16_064256
Version:
   Company:    Microsoft Corporation
   Product:    Microsoft® Windows® Operating System
   FileDesc:   Windows NCrypt Router
   FileVer:    10.0.14393.0
   ProdVer:    10.0.14393.0

Module 22
C:\WINDOWS\SYSTEM32\dxgi.dll
Image Base: 0x6e020000  Image Size: 0x00084000
File Size:  527880      File Time:  2016-07-16_064250
Version:
   Company:    Microsoft Corporation
   Product:    Microsoft® Windows® Operating System
   FileDesc:   DirectX Graphics Infrastructure
   FileVer:    10.0.14393.0
   ProdVer:    10.0.14393.0

Module 23
C:\WINDOWS\SYSTEM32\d3d11.dll
Image Base: 0x6e0b0000  Image Size: 0x0022f000
File Size:  2276736     File Time:  2016-10-14_232050
Version:
   Company:    Microsoft Corporation
   Product:    Microsoft® Windows® Operating System
   FileDesc:   Direct3D 11 Runtime
   FileVer:    10.0.14393.351
   ProdVer:    10.0.14393.351

Module 24
C:\WINDOWS\SYSTEM32\DDRAW.dll
Image Base: 0x6e2e0000  Image Size: 0x000ed000
File Size:  548352      File Time:  2016-11-02_054022
Version:
   Company:    Microsoft Corporation
   Product:    Microsoft® Windows® Operating System
   FileDesc:   Microsoft DirectDraw
   FileVer:    10.0.14393.447
   ProdVer:    10.0.14393.447

Module 25
C:\WINDOWS\SYSTEM32\GLU32.dll
Image Base: 0x6e3d0000  Image Size: 0x00025000
File Size:  141312      File Time:  2016-07-16_064306
Version:
   Company:    Microsoft Corporation
   Product:    Microsoft® Windows® Operating System
   FileDesc:   OpenGL Utility Library DLL
   FileVer:    10.0.14393.0
   ProdVer:    10.0.14393.0

Module 26
C:\WINDOWS\SYSTEM32\OPENGL32.dll
Image Base: 0x6e400000  Image Size: 0x000e0000
File Size:  786944      File Time:  2016-07-16_064306
Version:
   Company:    Microsoft Corporation
   Product:    Microsoft® Windows® Operating System
   FileDesc:   OpenGL Client DLL
   FileVer:    10.0.14393.0
   ProdVer:    10.0.14393.0

Module 27
C:\WINDOWS\SYSTEM32\twinapi.appcore.dll
Image Base: 0x6e4e0000  Image Size: 0x000f1000
File Size:  975744      File Time:  2016-09-15_122238
Version:
   Company:    Microsoft Corporation
   Product:    Microsoft® Windows® Operating System
   FileDesc:   twinapi.appcore
   FileVer:    10.0.14393.206
   ProdVer:    10.0.14393.206

Module 28
C:\WINDOWS\SYSTEM32\twinapi.dll
Image Base: 0x6e5e0000  Image Size: 0x0006c000
File Size:  422400      File Time:  2016-11-02_052724
Version:
   Company:    Microsoft Corporation
   Product:    Microsoft® Windows® Operating System
   FileDesc:   twinapi
   FileVer:    10.0.14393.447
   ProdVer:    10.0.14393.447

Module 29
C:\Windows\System32\OLEACC.dll
Image Base: 0x6e650000  Image Size: 0x00054000
File Size:  325120      File Time:  2016-09-15_115520
Version:
   Company:    Microsoft Corporation
   Product:    Microsoft® Windows® Operating System
   FileDesc:   Active Accessibility Core Component
   FileVer:    7.2.14393.206
   ProdVer:    10.0.14393.206

Module 30
C:\WINDOWS\SYSTEM32\sxs.dll
Image Base: 0x6e6b0000  Image Size: 0x00081000
File Size:  524776      File Time:  2016-07-16_064258
Version:
   Company:    Microsoft Corporation
   Product:    Microsoft® Windows® Operating System
   FileDesc:   Fusion 2.5
   FileVer:    10.0.14393.0
   ProdVer:    10.0.14393.0

Module 31
C:\Windows\System32\uiautomationcore.dll
Image Base: 0x6e740000  Image Size: 0x00152000
File Size:  1358336     File Time:  2016-09-15_115220
Version:
   Company:    Microsoft Corporation
   Product:    Microsoft® Windows® Operating System
   FileDesc:   Microsoft UI Automation Core
   FileVer:    7.2.14393.206
   ProdVer:    10.0.14393.206

Module 32
C:\WINDOWS\System32\PROPSYS.dll
Image Base: 0x6ee60000  Image Size: 0x0014f000
File Size:  1375456     File Time:  2016-07-16_064256
Version:
   Company:    Microsoft Corporation
   Product:    Windows® Search
   FileDesc:   Microsoft Property System
   FileVer:    7.0.14393.0
   ProdVer:    7.0.14393.0

Module 33
C:\WINDOWS\System32\fwpuclnt.dll
Image Base: 0x71660000  Image Size: 0x00049000
File Size:  279040      File Time:  2016-07-16_064256
Version:
   Company:    Microsoft Corporation
   Product:    Microsoft® Windows® Operating System
   FileDesc:   FWP/IPsec User-Mode API
   FileVer:    10.0.14393.0
   ProdVer:    10.0.14393.0

Module 34
C:\Windows\System32\rasadhlp.dll
Image Base: 0x716b0000  Image Size: 0x00008000
File Size:  13312       File Time:  2016-07-16_064302
Version:
   Company:    Microsoft Corporation
   Product:    Microsoft® Windows® Operating System
   FileDesc:   Remote Access AutoDial Helper
   FileVer:    10.0.14393.0
   ProdVer:    10.0.14393.0

Module 35
C:\WINDOWS\SYSTEM32\DNSAPI.dll
Image Base: 0x716f0000  Image Size: 0x0007c000
File Size:  496872      File Time:  2016-09-15_123716
Version:
   Company:    Microsoft Corporation
   Product:    Microsoft® Windows® Operating System
   FileDesc:   DNS Client API DLL
   FileVer:    10.0.14393.206
   ProdVer:    10.0.14393.206

Module 36
C:\WINDOWS\SYSTEM32\MSWSOCK.dll
Image Base: 0x717d0000  Image Size: 0x0004e000
File Size:  306016      File Time:  2016-07-16_064256
Version:
   Company:    Microsoft Corporation
   Product:    Microsoft® Windows® Operating System
   FileDesc:   Microsoft Windows Sockets 2.0 Service Provider
   FileVer:    10.0.14393.0
   ProdVer:    10.0.14393.0

Module 37
C:\WINDOWS\SYSTEM32\DCIMAN32.dll
Image Base: 0x71820000  Image Size: 0x00007000
File Size:  11776       File Time:  2016-07-16_064250
Version:
   Company:    Microsoft Corporation
   Product:    Microsoft® Windows® Operating System
   FileDesc:   DCI Manager
   FileVer:    10.0.14393.0
   ProdVer:    10.0.14393.0

Module 38
C:\WINDOWS\System32\DEVOBJ.dll
Image Base: 0x71910000  Image Size: 0x00022000
File Size:  132232      File Time:  2016-07-16_064256
Version:
   Company:    Microsoft Corporation
   Product:    Microsoft® Windows® Operating System
   FileDesc:   Device Information Set DLL
   FileVer:    10.0.14393.0
   ProdVer:    10.0.14393.0

Module 39
C:\WINDOWS\SYSTEM32\HID.DLL
Image Base: 0x71940000  Image Size: 0x0000a000
File Size:  25600       File Time:  2016-07-16_064250
Version:
   Company:    Microsoft Corporation
   Product:    Microsoft® Windows® Operating System
   FileDesc:   Hid User Library
   FileVer:    10.0.14393.0
   ProdVer:    10.0.14393.0

Module 40
C:\WINDOWS\system32\dwmapi.dll
Image Base: 0x71950000  Image Size: 0x0001f000
File Size:  113504      File Time:  2016-09-15_121352
Version:
   Company:    Microsoft Corporation
   Product:    Microsoft® Windows® Operating System
   FileDesc:   Microsoft Desktop Window Manager API
   FileVer:    10.0.14393.206
   ProdVer:    10.0.14393.206

Module 41
C:\WINDOWS\SYSTEM32\dhcpcsvc.DLL
Image Base: 0x71970000  Image Size: 0x00014000
File Size:  63488       File Time:  2016-07-16_064256
Version:
   Company:    Microsoft Corporation
   Product:    Microsoft® Windows® Operating System
   FileDesc:   DHCP Client Service
   FileVer:    10.0.14393.0
   ProdVer:    10.0.14393.0

Module 42
C:\WINDOWS\SYSTEM32\dhcpcsvc6.DLL
Image Base: 0x71990000  Image Size: 0x00013000
File Size:  57344       File Time:  2016-07-16_064256
Version:
   Company:    Microsoft Corporation
   Product:    Microsoft® Windows® Operating System
   FileDesc:   DHCPv6 Client
   FileVer:    10.0.14393.0
   ProdVer:    10.0.14393.0

Module 43
C:\WINDOWS\system32\rsaenh.dll
Image Base: 0x719b0000  Image Size: 0x0002f000
File Size:  184416      File Time:  2016-07-16_064256
Version:
   Company:    Microsoft Corporation
   Product:    Microsoft® Windows® Operating System
   FileDesc:   Microsoft Enhanced Cryptographic Provider
   FileVer:    10.0.14393.0
   ProdVer:    10.0.14393.0

Module 44
C:\WINDOWS\SYSTEM32\CRYPTSP.dll
Image Base: 0x719e0000  Image Size: 0x00013000
File Size:  68720       File Time:  2016-07-16_064256
Version:
   Company:    Microsoft Corporation
   Product:    Microsoft® Windows® Operating System
   FileDesc:   Cryptographic Service Provider API
   FileVer:    10.0.14393.0
   ProdVer:    10.0.14393.0

Module 45
C:\Program Files (x86)\Common Files\Microsoft Shared\Ink\tiptsf.dll
Image Base: 0x71f60000  Image Size: 0x0007b000
File Size:  491872      File Time:  2016-09-15_121812
Version:
   Company:    Microsoft Corporation
   Product:    Microsoft® Windows® Operating System
   FileDesc:   Touch Keyboard and Handwriting Panel Text Services Framework
   FileVer:    10.0.14393.206
   ProdVer:    10.0.14393.206

Module 46
C:\WINDOWS\SYSTEM32\WINHTTP.dll
Image Base: 0x72000000  Image Size: 0x000a0000
File Size:  636928      File Time:  2016-10-14_224418
Version:
   Company:    Microsoft Corporation
   Product:    Microsoft® Windows® Operating System
   FileDesc:   Windows HTTP Services
   FileVer:    10.0.14393.351
   ProdVer:    10.0.14393.351

Module 47
C:\WINDOWS\SYSTEM32\WINMM.dll
Image Base: 0x722b0000  Image Size: 0x00024000
File Size:  135376      File Time:  2016-07-16_064250
Version:
   Company:    Microsoft Corporation
   Product:    Microsoft® Windows® Operating System
   FileDesc:   MCI API DLL
   FileVer:    10.0.14393.0
   ProdVer:    10.0.14393.0

Module 48
C:\WINDOWS\SYSTEM32\dbghelp.dll
Image Base: 0x72d50000  Image Size: 0x00145000
File Size:  1220608     File Time:  2016-07-16_064258
Version:
   Company:    Microsoft
   Product:    Microsoft® Windows® Operating System
   FileDesc:   Windows Image Helper
   FileVer:    10.0.14321.1024
   ProdVer:    10.0.14321.1024

Module 49
C:\WINDOWS\SYSTEM32\ntmarta.dll
Image Base: 0x72ea0000  Image Size: 0x00028000
File Size:  154432      File Time:  2016-07-16_064256
Version:
   Company:    Microsoft Corporation
   Product:    Microsoft® Windows® Operating System
   FileDesc:   Windows NT MARTA provider
   FileVer:    10.0.14393.0
   ProdVer:    10.0.14393.0

Module 50
C:\WINDOWS\WinSxS\x86_microsoft.windows.common-controls_6595b64144ccf1df_6.0.14393.447_none_89c64d28dafea4b9\comctl32.dll
Image Base: 0x72f00000  Image Size: 0x0020a000
File Size:  2122080     File Time:  2016-11-02_060450
Version:
   Company:    Microsoft Corporation
   Product:    Microsoft® Windows® Operating System
   FileDesc:   User Experience Controls Library
   FileVer:    6.10.14393.447
   ProdVer:    10.0.14393.447

Module 51
C:\WINDOWS\SYSTEM32\bcrypt.dll
Image Base: 0x73110000  Image Size: 0x0001b000
File Size:  106896      File Time:  2016-07-16_064256
Version:
   Company:    Microsoft Corporation
   Product:    Microsoft® Windows® Operating System
   FileDesc:   Windows Cryptographic Primitives Library
   FileVer:    10.0.14393.0
   ProdVer:    10.0.14393.0

Module 52
C:\WINDOWS\system32\uxtheme.dll
Image Base: 0x736f0000  Image Size: 0x00075000
File Size:  457728      File Time:  2016-07-16_064306
Version:
   Company:    Microsoft Corporation
   Product:    Microsoft® Windows® Operating System
   FileDesc:   Microsoft UxTheme Library
   FileVer:    10.0.14393.0
   ProdVer:    10.0.14393.0

Module 53
C:\Windows\System32\USERENV.dll
Image Base: 0x737b0000  Image Size: 0x0001a000
File Size:  94568       File Time:  2016-07-16_064256
Version:
   Company:    Microsoft Corporation
   Product:    Microsoft® Windows® Operating System
   FileDesc:   Userenv
   FileVer:    10.0.14393.0
   ProdVer:    10.0.14393.0

Module 54
C:\WINDOWS\SYSTEM32\VERSION.dll
Image Base: 0x737d0000  Image Size: 0x00008000
File Size:  27360       File Time:  2016-07-16_064306
Version:
   Company:    Microsoft Corporation
   Product:    Microsoft® Windows® Operating System
   FileDesc:   Version Checking and File Installation Libraries
   FileVer:    10.0.14393.0
   ProdVer:    10.0.14393.0

Module 55
C:\WINDOWS\SYSTEM32\IPHLPAPI.DLL
Image Base: 0x737e0000  Image Size: 0x0002f000
File Size:  184416      File Time:  2016-07-16_064256
Version:
   Company:    Microsoft Corporation
   Product:    Microsoft® Windows® Operating System
   FileDesc:   IP Helper API
   FileVer:    10.0.14393.0
   ProdVer:    10.0.14393.0

Module 56
C:\WINDOWS\System32\CRYPTBASE.dll
Image Base: 0x739c0000  Image Size: 0x0000a000
File Size:  31528       File Time:  2016-07-16_064250
Version:
   Company:    Microsoft Corporation
   Product:    Microsoft® Windows® Operating System
   FileDesc:   Base cryptographic API DLL
   FileVer:    10.0.14393.0
   ProdVer:    10.0.14393.0

Module 57
C:\WINDOWS\System32\SspiCli.dll
Image Base: 0x739d0000  Image Size: 0x0001e000
File Size:  117240      File Time:  2016-09-07_000758
Version:
   Company:    Microsoft Corporation
   Product:    Microsoft® Windows® Operating System
   FileDesc:   Security Support Provider Interface
   FileVer:    10.0.14393.187
   ProdVer:    10.0.14393.187

Module 58
C:\WINDOWS\System32\PSAPI.DLL
Image Base: 0x739f0000  Image Size: 0x00006000
File Size:  17048       File Time:  2016-07-16_064246
Version:
   Company:    Microsoft Corporation
   Product:    Microsoft® Windows® Operating System
   FileDesc:   Process Status Helper
   FileVer:    10.0.14393.0
   ProdVer:    10.0.14393.0

Module 59
C:\WINDOWS\System32\shcore.dll
Image Base: 0x73a50000  Image Size: 0x00088000
File Size:  549088      File Time:  2016-07-16_064244
Version:
   Company:    Microsoft Corporation
   Product:    Microsoft® Windows® Operating System
   FileDesc:   SHCORE
   FileVer:    10.0.14393.0
   ProdVer:    10.0.14393.0

Module 60
C:\WINDOWS\System32\ole32.dll
Image Base: 0x73ae0000  Image Size: 0x000ea000
File Size:  959112      File Time:  2016-11-02_060514
Version:
   Company:    Microsoft Corporation
   Product:    Microsoft® Windows® Operating System
   FileDesc:   Microsoft OLE for Windows
   FileVer:    10.0.14393.447
   ProdVer:    10.0.14393.447

Module 61
C:\WINDOWS\System32\win32u.dll
Image Base: 0x73bd0000  Image Size: 0x00015000
File Size:  79536       File Time:  2016-08-01_234722
Version:
   Company:    Microsoft Corporation
   Product:    Microsoft® Windows® Operating System
   FileDesc:   Win32u
   FileVer:    10.0.14393.51
   ProdVer:    10.0.14393.51

Module 62
C:\WINDOWS\System32\NSI.dll
Image Base: 0x73c60000  Image Size: 0x00007000
File Size:  20152       File Time:  2016-07-16_064228
Version:
   Company:    Microsoft Corporation
   Product:    Microsoft® Windows® Operating System
   FileDesc:   NSI User-mode interface DLL
   FileVer:    10.0.14393.0
   ProdVer:    10.0.14393.0

Module 63
C:\WINDOWS\System32\cfgmgr32.dll
Image Base: 0x73c70000  Image Size: 0x00036000
File Size:  213848      File Time:  2016-07-16_064256
Version:
   Company:    Microsoft Corporation
   Product:    Microsoft® Windows® Operating System
   FileDesc:   Configuration Manager DLL
   FileVer:    10.0.14393.0
   ProdVer:    10.0.14393.0

Module 64
C:\WINDOWS\System32\clbcatq.dll
Image Base: 0x73cb0000  Image Size: 0x00084000
File Size:  528360      File Time:  2016-07-16_064248
Version:
   Company:    Microsoft Corporation
   Product:    Microsoft® Windows® Operating System
   FileDesc:   COM+ Configuration Catalog
   FileVer:    2001.12.10941.16384
   ProdVer:    10.0.14393.0

Module 65
C:\WINDOWS\System32\bcryptPrimitives.dll
Image Base: 0x73d40000  Image Size: 0x0005a000
File Size:  367208      File Time:  2016-07-16_064228
Version:
   Company:    Microsoft Corporation
   Product:    Microsoft® Windows® Operating System
   FileDesc:   Windows Cryptographic Primitives Library
   FileVer:    10.0.14393.0
   ProdVer:    10.0.14393.0

Module 66
C:\WINDOWS\System32\OLEAUT32.dll
Image Base: 0x73da0000  Image Size: 0x00094000
File Size:  601712      File Time:  2016-11-02_062300
Version:
   Company:    Microsoft Corporation
   Product:    Microsoft® Windows® Operating System
   FileDesc:   OLEAUT32.DLL
   FileVer:    10.0.14393.447
   ProdVer:    10.0.14393.447

Module 67
C:\WINDOWS\System32\powrprof.dll
Image Base: 0x73e40000  Image Size: 0x00045000
File Size:  275832      File Time:  2016-07-16_064256
Version:
   Company:    Microsoft Corporation
   Product:    Microsoft® Windows® Operating System
   FileDesc:   Power Profile Helper DLL
   FileVer:    10.0.14393.0
   ProdVer:    10.0.14393.0

Module 68
C:\WINDOWS\System32\kernel.appcore.dll
Image Base: 0x73e90000  Image Size: 0x0000d000
File Size:  43416       File Time:  2016-07-16_064256
Version:
   Company:    Microsoft Corporation
   Product:    Microsoft® Windows® Operating System
   FileDesc:   AppModel API Host
   FileVer:    10.0.14393.0
   ProdVer:    10.0.14393.0

Module 69
C:\WINDOWS\System32\GDI32.dll
Image Base: 0x73ea0000  Image Size: 0x0002b000
File Size:  170960      File Time:  2016-09-15_122320
Version:
   Company:    Microsoft Corporation
   Product:    Microsoft® Windows® Operating System
   FileDesc:   GDI Client DLL
   FileVer:    10.0.14393.206
   ProdVer:    10.0.14393.206

Module 70
C:\WINDOWS\System32\msvcp_win.dll
Image Base: 0x73ed0000  Image Size: 0x0007b000
File Size:  498408      File Time:  2016-07-16_064256
Version:
   Company:    Microsoft Corporation
   Product:    Microsoft® Windows® Operating System
   FileDesc:   Microsoft® C Runtime Library
   FileVer:    10.0.14393.0
   ProdVer:    10.0.14393.0

Module 71
C:\WINDOWS\System32\profapi.dll
Image Base: 0x73f50000  Image Size: 0x0000f000
File Size:  54752       File Time:  2016-07-16_064250
Version:
   Company:    Microsoft Corporation
   Product:    Microsoft® Windows® Operating System
   FileDesc:   User Profile Basic API
   FileVer:    10.0.14393.0
   ProdVer:    10.0.14393.0

Module 72
C:\WINDOWS\System32\SHLWAPI.dll
Image Base: 0x73f60000  Image Size: 0x00046000
File Size:  284056      File Time:  2016-07-16_064304
Version:
   Company:    Microsoft Corporation
   Product:    Microsoft® Windows® Operating System
   FileDesc:   Shell Light-weight Utility Library
   FileVer:    10.0.14393.0
   ProdVer:    10.0.14393.0

Module 73
C:\WINDOWS\System32\sechost.dll
Image Base: 0x74180000  Image Size: 0x00041000
File Size:  255168      File Time:  2016-07-16_064250
Version:
   Company:    Microsoft Corporation
   Product:    Microsoft® Windows® Operating System
   FileDesc:   Host for SCM/SDDL/LSA Lookup APIs
   FileVer:    10.0.14393.0
   ProdVer:    10.0.14393.0

Module 74
C:\WINDOWS\System32\ADVAPI32.dll
Image Base: 0x741d0000  Image Size: 0x00077000
File Size:  482392      File Time:  2016-07-16_064250
Version:
   Company:    Microsoft Corporation
   Product:    Microsoft® Windows® Operating System
   FileDesc:   Advanced Windows 32 Base API
   FileVer:    10.0.14393.0
   ProdVer:    10.0.14393.0

Module 75
C:\WINDOWS\System32\IMM32.dll
Image Base: 0x74250000  Image Size: 0x00025000
File Size:  144632      File Time:  2016-07-16_064250
Version:
   Company:    Microsoft Corporation
   Product:    Microsoft® Windows® Operating System
   FileDesc:   Multi-User Windows IMM32 API Client DLL
   FileVer:    10.0.14393.0
   ProdVer:    10.0.14393.0

Module 76
C:\WINDOWS\System32\RPCRT4.dll
Image Base: 0x74370000  Image Size: 0x000c1000
File Size:  790760      File Time:  2016-09-06_155306
Version:
   Company:    Microsoft Corporation
   Product:    Microsoft® Windows® Operating System
   FileDesc:   Remote Procedure Call Runtime
   FileVer:    10.0.14393.82
   ProdVer:    10.0.14393.82

Module 77
C:\WINDOWS\System32\msvcrt.dll
Image Base: 0x74440000  Image Size: 0x000be000
File Size:  773168      File Time:  2016-07-16_064250
Version:
   Company:    Microsoft Corporation
   Product:    Microsoft® Windows® Operating System
   FileDesc:   Windows NT CRT DLL
   FileVer:    7.0.14393.0
   ProdVer:    10.0.14393.0

Module 78
C:\WINDOWS\System32\WS2_32.dll
Image Base: 0x74500000  Image Size: 0x00063000
File Size:  402352      File Time:  2016-09-15_123706
Version:
   Company:    Microsoft Corporation
   Product:    Microsoft® Windows® Operating System
   FileDesc:   Windows Socket 2.0 32-Bit DLL
   FileVer:    10.0.14393.206
   ProdVer:    10.0.14393.206

Module 79
C:\WINDOWS\System32\combase.dll
Image Base: 0x745d0000  Image Size: 0x00211000
File Size:  2166232     File Time:  2016-10-14_231802
Version:
   Company:    Microsoft Corporation
   Product:    Microsoft® Windows® Operating System
   FileDesc:   Microsoft COM for Windows
   FileVer:    10.0.14393.351
   ProdVer:    10.0.14393.351

Module 80
C:\WINDOWS\System32\MSCTF.dll
Image Base: 0x747f0000  Image Size: 0x00135000
File Size:  1263856     File Time:  2016-11-02_060122
Version:
   Company:    Microsoft Corporation
   Product:    Microsoft® Windows® Operating System
   FileDesc:   MSCTF Server DLL
   FileVer:    10.0.14393.447
   ProdVer:    10.0.14393.447

Module 81
C:\WINDOWS\System32\KERNEL32.DLL
Image Base: 0x749d0000  Image Size: 0x000e0000
File Size:  616048      File Time:  2016-07-16_064246
Version:
   Company:    Microsoft Corporation
   Product:    Microsoft® Windows® Operating System
   FileDesc:   Windows NT BASE API Client DLL
   FileVer:    10.0.14393.0
   ProdVer:    10.0.14393.0

Module 82
C:\WINDOWS\System32\gdi32full.dll
Image Base: 0x74ab0000  Image Size: 0x0015b000
File Size:  1415744     File Time:  2016-11-02_060132
Version:
   Company:    Microsoft Corporation
   Product:    Microsoft® Windows® Operating System
   FileDesc:   GDI Client DLL
   FileVer:    10.0.14393.447
   ProdVer:    10.0.14393.447

Module 83
C:\WINDOWS\System32\windows.storage.dll
Image Base: 0x74d90000  Image Size: 0x0056e000
File Size:  5722320     File Time:  2016-09-15_122242
Version:
   Company:    Microsoft Corporation
   Product:    Microsoft® Windows® Operating System
   FileDesc:   Microsoft WinRT Storage API
   FileVer:    10.0.14393.206
   ProdVer:    10.0.14393.206

Module 84
C:\WINDOWS\System32\USER32.dll
Image Base: 0x75310000  Image Size: 0x0015f000
File Size:  1435896     File Time:  2016-10-14_231124
Version:
   Company:    Microsoft Corporation
   Product:    Microsoft® Windows® Operating System
   FileDesc:   Multi-User Windows USER API Client DLL
   FileVer:    10.0.14393.351
   ProdVer:    10.0.14393.351

Module 85
C:\WINDOWS\System32\SHELL32.dll
Image Base: 0x758a0000  Image Size: 0x013d9000
File Size:  20969928    File Time:  2016-11-02_060518
Version:
   Company:    Microsoft Corporation
   Product:    Microsoft® Windows® Operating System
   FileDesc:   Windows Shell Common Dll
   FileVer:    10.0.14393.447
   ProdVer:    10.0.14393.447

Module 86
C:\WINDOWS\System32\ucrtbase.dll
Image Base: 0x76c80000  Image Size: 0x000e0000
File Size:  918304      File Time:  2016-07-16_064256
Version:
   Company:    Microsoft Corporation
   Product:    Microsoft® Windows® Operating System
   FileDesc:   Microsoft® C Runtime Library
   FileVer:    10.0.14393.0
   ProdVer:    10.0.14393.0

Module 87
C:\WINDOWS\System32\KERNELBASE.dll
Image Base: 0x76d60000  Image Size: 0x001a1000
File Size:  1705976     File Time:  2016-10-05_050326
Version:
   Company:    Microsoft Corporation
   Product:    Microsoft® Windows® Operating System
   FileDesc:   Windows NT BASE API Client DLL
   FileVer:    10.0.14393.321
   ProdVer:    10.0.14393.321

Module 88
C:\WINDOWS\SYSTEM32\ntdll.dll
Image Base: 0x76f10000  Image Size: 0x00182000
File Size:  1570672     File Time:  2016-11-02_062300
Version:
   Company:    Microsoft Corporation
   Product:    Microsoft® Windows® Operating System
   FileDesc:   NT Layer DLL
   FileVer:    10.0.14393.447
   ProdVer:    10.0.14393.447


== [end of error.log] ==
